<?xml version="1.0" encoding="UTF-8"?>
<testsuite xmlns:xsi="http://www.w3.org/2001/XMLSchema-instance" xsi:noNamespaceSchemaLocation="https://maven.apache.org/surefire/maven-surefire-plugin/xsd/surefire-test-report-3.0.xsd" version="3.0" name="TestSuite" time="0.946" tests="0" errors="0" skipped="0" failures="0">
  <properties>
    <property name="sun.desktop" value="gnome"/>
    <property name="awt.toolkit" value="sun.awt.X11.XToolkit"/>
    <property name="java.specification.version" value="11"/>
    <property name="sun.cpu.isalist" value=""/>
    <property name="sun.jnu.encoding" value="UTF-8"/>
    <property name="java.class.path" value="/home/renanzazula/Desktop/intelij-project-ecorp-seleniun-cucuber/target/test-classes:/home/renanzazula/Desktop/intelij-project-ecorp-seleniun-cucuber/target/classes:/home/renanzazula/.m2/repository/org/seleniumhq/selenium/selenium-java/4.0.0-alpha-4/selenium-java-4.0.0-alpha-4.jar:/home/renanzazula/.m2/repository/org/seleniumhq/selenium/selenium-api/4.0.0-alpha-4/selenium-api-4.0.0-alpha-4.jar:/home/renanzazula/.m2/repository/org/seleniumhq/selenium/selenium-chrome-driver/4.0.0-alpha-4/selenium-chrome-driver-4.0.0-alpha-4.jar:/home/renanzazula/.m2/repository/com/google/auto/service/auto-service-annotations/1.0-rc6/auto-service-annotations-1.0-rc6.jar:/home/renanzazula/.m2/repository/com/google/auto/service/auto-service/1.0-rc6/auto-service-1.0-rc6.jar:/home/renanzazula/.m2/repository/com/google/auto/auto-common/0.10/auto-common-0.10.jar:/home/renanzazula/.m2/repository/com/google/guava/guava/28.2-jre/guava-28.2-jre.jar:/home/renanzazula/.m2/repository/com/google/guava/failureaccess/1.0.1/failureaccess-1.0.1.jar:/home/renanzazula/.m2/repository/com/google/guava/listenablefuture/9999.0-empty-to-avoid-conflict-with-guava/listenablefuture-9999.0-empty-to-avoid-conflict-with-guava.jar:/home/renanzazula/.m2/repository/com/google/code/findbugs/jsr305/3.0.2/jsr305-3.0.2.jar:/home/renanzazula/.m2/repository/org/checkerframework/checker-qual/2.10.0/checker-qual-2.10.0.jar:/home/renanzazula/.m2/repository/com/google/errorprone/error_prone_annotations/2.3.4/error_prone_annotations-2.3.4.jar:/home/renanzazula/.m2/repository/com/google/j2objc/j2objc-annotations/1.3/j2objc-annotations-1.3.jar:/home/renanzazula/.m2/repository/org/seleniumhq/selenium/selenium-chromium-driver/4.0.0-alpha-4/selenium-chromium-driver-4.0.0-alpha-4.jar:/home/renanzazula/.m2/repository/org/seleniumhq/selenium/selenium-devtools/4.0.0-alpha-4/selenium-devtools-4.0.0-alpha-4.jar:/home/renanzazula/.m2/repository/org/seleniumhq/selenium/selenium-http/4.0.0-alpha-4/selenium-http-4.0.0-alpha-4.jar:/home/renanzazula/.m2/repository/org/seleniumhq/selenium/selenium-json/4.0.0-alpha-4/selenium-json-4.0.0-alpha-4.jar:/home/renanzazula/.m2/repository/org/seleniumhq/selenium/selenium-edge-driver/4.0.0-alpha-4/selenium-edge-driver-4.0.0-alpha-4.jar:/home/renanzazula/.m2/repository/org/seleniumhq/selenium/selenium-edgehtml-driver/4.0.0-alpha-4/selenium-edgehtml-driver-4.0.0-alpha-4.jar:/home/renanzazula/.m2/repository/org/seleniumhq/selenium/selenium-firefox-driver/4.0.0-alpha-4/selenium-firefox-driver-4.0.0-alpha-4.jar:/home/renanzazula/.m2/repository/org/seleniumhq/selenium/selenium-firefox-xpi-driver/4.0.0-alpha-4/selenium-firefox-xpi-driver-4.0.0-alpha-4.jar:/home/renanzazula/.m2/repository/org/seleniumhq/selenium/selenium-ie-driver/4.0.0-alpha-4/selenium-ie-driver-4.0.0-alpha-4.jar:/home/renanzazula/.m2/repository/org/seleniumhq/selenium/selenium-opera-driver/4.0.0-alpha-4/selenium-opera-driver-4.0.0-alpha-4.jar:/home/renanzazula/.m2/repository/org/seleniumhq/selenium/selenium-remote-driver/4.0.0-alpha-4/selenium-remote-driver-4.0.0-alpha-4.jar:/home/renanzazula/.m2/repository/com/squareup/okhttp3/okhttp/4.3.0/okhttp-4.3.0.jar:/home/renanzazula/.m2/repository/com/squareup/okio/okio/2.4.1/okio-2.4.1.jar:/home/renanzazula/.m2/repository/org/jetbrains/kotlin/kotlin-stdlib-common/1.3.50/kotlin-stdlib-common-1.3.50.jar:/home/renanzazula/.m2/repository/org/jetbrains/kotlin/kotlin-stdlib/1.3.61/kotlin-stdlib-1.3.61.jar:/home/renanzazula/.m2/repository/org/jetbrains/annotations/13.0/annotations-13.0.jar:/home/renanzazula/.m2/repository/com/typesafe/netty/netty-reactive-streams/2.0.4/netty-reactive-streams-2.0.4.jar:/home/renanzazula/.m2/repository/io/netty/netty-handler/4.1.43.Final/netty-handler-4.1.43.Final.jar:/home/renanzazula/.m2/repository/io/netty/netty-common/4.1.43.Final/netty-common-4.1.43.Final.jar:/home/renanzazula/.m2/repository/io/netty/netty-buffer/4.1.43.Final/netty-buffer-4.1.43.Final.jar:/home/renanzazula/.m2/repository/io/netty/netty-transport/4.1.43.Final/netty-transport-4.1.43.Final.jar:/home/renanzazula/.m2/repository/io/netty/netty-codec/4.1.43.Final/netty-codec-4.1.43.Final.jar:/home/renanzazula/.m2/repository/org/reactivestreams/reactive-streams/1.0.3/reactive-streams-1.0.3.jar:/home/renanzazula/.m2/repository/io/opentracing/opentracing-api/0.33.0/opentracing-api-0.33.0.jar:/home/renanzazula/.m2/repository/net/bytebuddy/byte-buddy/1.10.6/byte-buddy-1.10.6.jar:/home/renanzazula/.m2/repository/org/apache/commons/commons-exec/1.3/commons-exec-1.3.jar:/home/renanzazula/.m2/repository/org/asynchttpclient/async-http-client/2.10.4/async-http-client-2.10.4.jar:/home/renanzazula/.m2/repository/org/asynchttpclient/async-http-client-netty-utils/2.10.4/async-http-client-netty-utils-2.10.4.jar:/home/renanzazula/.m2/repository/io/netty/netty-codec-http/4.1.42.Final/netty-codec-http-4.1.42.Final.jar:/home/renanzazula/.m2/repository/io/netty/netty-codec-socks/4.1.42.Final/netty-codec-socks-4.1.42.Final.jar:/home/renanzazula/.m2/repository/io/netty/netty-handler-proxy/4.1.42.Final/netty-handler-proxy-4.1.42.Final.jar:/home/renanzazula/.m2/repository/io/netty/netty-transport-native-epoll/4.1.42.Final/netty-transport-native-epoll-4.1.42.Final-linux-x86_64.jar:/home/renanzazula/.m2/repository/io/netty/netty-transport-native-unix-common/4.1.42.Final/netty-transport-native-unix-common-4.1.42.Final.jar:/home/renanzazula/.m2/repository/io/netty/netty-transport-native-kqueue/4.1.42.Final/netty-transport-native-kqueue-4.1.42.Final-osx-x86_64.jar:/home/renanzazula/.m2/repository/io/netty/netty-resolver-dns/4.1.42.Final/netty-resolver-dns-4.1.42.Final.jar:/home/renanzazula/.m2/repository/io/netty/netty-resolver/4.1.42.Final/netty-resolver-4.1.42.Final.jar:/home/renanzazula/.m2/repository/io/netty/netty-codec-dns/4.1.42.Final/netty-codec-dns-4.1.42.Final.jar:/home/renanzazula/.m2/repository/com/sun/activation/javax.activation/1.2.0/javax.activation-1.2.0.jar:/home/renanzazula/.m2/repository/org/seleniumhq/selenium/selenium-safari-driver/4.0.0-alpha-4/selenium-safari-driver-4.0.0-alpha-4.jar:/home/renanzazula/.m2/repository/org/seleniumhq/selenium/selenium-support/4.0.0-alpha-4/selenium-support-4.0.0-alpha-4.jar:/home/renanzazula/.m2/repository/junit/junit/4.12/junit-4.12.jar:/home/renanzazula/.m2/repository/org/hamcrest/hamcrest-core/1.3/hamcrest-core-1.3.jar:/home/renanzazula/.m2/repository/io/cucumber/cucumber-junit/4.0.0/cucumber-junit-4.0.0.jar:/home/renanzazula/.m2/repository/io/cucumber/cucumber-core/4.0.0/cucumber-core-4.0.0.jar:/home/renanzazula/.m2/repository/io/cucumber/gherkin/5.1.0/gherkin-5.1.0.jar:/home/renanzazula/.m2/repository/io/cucumber/tag-expressions/1.1.1/tag-expressions-1.1.1.jar:/home/renanzazula/.m2/repository/io/cucumber/cucumber-expressions/6.1.0/cucumber-expressions-6.1.0.jar:/home/renanzazula/.m2/repository/io/cucumber/datatable/1.1.3/datatable-1.1.3.jar:/home/renanzazula/.m2/repository/io/cucumber/datatable-dependencies/1.1.3/datatable-dependencies-1.1.3.jar:/home/renanzazula/.m2/repository/io/cucumber/cucumber-java/4.0.0/cucumber-java-4.0.0.jar:/home/renanzazula/.m2/repository/io/cucumber/cucumber-jvm-deps/1.0.6/cucumber-jvm-deps-1.0.6.jar:/home/renanzazula/.m2/repository/io/cucumber/cucumber-picocontainer/4.0.0/cucumber-picocontainer-4.0.0.jar:/home/renanzazula/.m2/repository/org/picocontainer/picocontainer/2.15/picocontainer-2.15.jar:/home/renanzazula/.m2/repository/io/cucumber/cucumber-testng/4.0.0/cucumber-testng-4.0.0.jar:/home/renanzazula/.m2/repository/io/cucumber/cucumber-gherkin/5.1.3/cucumber-gherkin-5.1.3.jar:/home/renanzazula/.m2/repository/io/cucumber/cucumber-plugin/5.1.3/cucumber-plugin-5.1.3.jar:/home/renanzazula/.m2/repository/org/apiguardian/apiguardian-api/1.1.0/apiguardian-api-1.1.0.jar:/home/renanzazula/.m2/repository/io/cucumber/cucumber-html/0.2.7/cucumber-html-0.2.7.jar:/home/renanzazula/.m2/repository/com/aventstack/extentreports-cucumber4-adapter/1.0.1/extentreports-cucumber4-adapter-1.0.1.jar:/home/renanzazula/.m2/repository/com/aventstack/extentreports/4.0.0/extentreports-4.0.0.jar:/home/renanzazula/.m2/repository/org/mongodb/bson/3.3.0/bson-3.3.0.jar:/home/renanzazula/.m2/repository/org/apache/httpcomponents/httpclient/4.5.2/httpclient-4.5.2.jar:/home/renanzazula/.m2/repository/org/apache/httpcomponents/httpcore/4.4.4/httpcore-4.4.4.jar:/home/renanzazula/.m2/repository/commons-logging/commons-logging/1.2/commons-logging-1.2.jar:/home/renanzazula/.m2/repository/commons-codec/commons-codec/1.9/commons-codec-1.9.jar:/home/renanzazula/.m2/repository/org/apache/httpcomponents/httpmime/4.5.2/httpmime-4.5.2.jar:/home/renanzazula/.m2/repository/com/google/code/gson/gson/2.8.5/gson-2.8.5.jar:/home/renanzazula/.m2/repository/org/mongodb/mongodb-driver/3.3.0/mongodb-driver-3.3.0.jar:/home/renanzazula/.m2/repository/org/mongodb/mongodb-driver-core/3.3.0/mongodb-driver-core-3.3.0.jar:/home/renanzazula/.m2/repository/org/freemarker/freemarker/2.3.26-incubating/freemarker-2.3.26-incubating.jar:/home/renanzazula/.m2/repository/net/masterthought/cucumber-reporting/3.6.0/cucumber-reporting-3.6.0.jar:/home/renanzazula/.m2/repository/org/apache/logging/log4j/log4j-api/2.6/log4j-api-2.6.jar:/home/renanzazula/.m2/repository/com/fasterxml/jackson/core/jackson-databind/2.8.5/jackson-databind-2.8.5.jar:/home/renanzazula/.m2/repository/com/fasterxml/jackson/core/jackson-annotations/2.8.0/jackson-annotations-2.8.0.jar:/home/renanzazula/.m2/repository/com/fasterxml/jackson/core/jackson-core/2.8.5/jackson-core-2.8.5.jar:/home/renanzazula/.m2/repository/org/apache/velocity/velocity/1.7/velocity-1.7.jar:/home/renanzazula/.m2/repository/commons-collections/commons-collections/3.2.1/commons-collections-3.2.1.jar:/home/renanzazula/.m2/repository/commons-lang/commons-lang/2.4/commons-lang-2.4.jar:/home/renanzazula/.m2/repository/velocity-tools/velocity-tools/1.4/velocity-tools-1.4.jar:/home/renanzazula/.m2/repository/joda-time/joda-time/2.9.6/joda-time-2.9.6.jar:/home/renanzazula/.m2/repository/org/apache/commons/commons-lang3/3.5/commons-lang3-3.5.jar:/home/renanzazula/.m2/repository/commons-io/commons-io/2.5/commons-io-2.5.jar:/home/renanzazula/.m2/repository/net/lingala/zip4j/zip4j/1.3.2/zip4j-1.3.2.jar:/home/renanzazula/.m2/repository/org/codehaus/plexus/plexus-utils/3.0.24/plexus-utils-3.0.24.jar:/home/renanzazula/.m2/repository/org/jsoup/jsoup/1.10.1/jsoup-1.10.1.jar:/home/renanzazula/.m2/repository/org/hamcrest/hamcrest-all/1.3/hamcrest-all-1.3.jar:/home/renanzazula/.m2/repository/org/apache/logging/log4j/log4j-core/2.13.0/log4j-core-2.13.0.jar:/home/renanzazula/.m2/repository/org/slf4j/slf4j-api/2.0.0-alpha1/slf4j-api-2.0.0-alpha1.jar:/home/renanzazula/.m2/repository/org/slf4j/slf4j-log4j12/2.0.0-alpha1/slf4j-log4j12-2.0.0-alpha1.jar:/home/renanzazula/.m2/repository/log4j/log4j/1.2.17/log4j-1.2.17.jar:/home/renanzazula/.m2/repository/org/testng/testng/6.8/testng-6.8.jar:/home/renanzazula/.m2/repository/org/beanshell/bsh/2.0b4/bsh-2.0b4.jar:/home/renanzazula/.m2/repository/com/beust/jcommander/1.27/jcommander-1.27.jar:/home/renanzazula/.m2/repository/org/yaml/snakeyaml/1.6/snakeyaml-1.6.jar:/home/renanzazula/.m2/repository/io/netty/netty-all/4.1.12.Final/netty-all-4.1.12.Final.jar:/home/renanzazula/.m2/repository/io/qameta/allure/allure-cucumber-jvm/2.0-BETA16/allure-cucumber-jvm-2.0-BETA16.jar:/home/renanzazula/.m2/repository/info/cukes/cucumber-core/1.2.5/cucumber-core-1.2.5.jar:/home/renanzazula/.m2/repository/info/cukes/cucumber-html/0.2.3/cucumber-html-0.2.3.jar:/home/renanzazula/.m2/repository/info/cukes/cucumber-jvm-deps/1.0.5/cucumber-jvm-deps-1.0.5.jar:/home/renanzazula/.m2/repository/info/cukes/cucumber-java/1.2.5/cucumber-java-1.2.5.jar:/home/renanzazula/.m2/repository/info/cukes/cucumber-junit/1.2.5/cucumber-junit-1.2.5.jar:/home/renanzazula/.m2/repository/info/cukes/gherkin/2.12.2/gherkin-2.12.2.jar:/home/renanzazula/.m2/repository/io/qameta/allure/allure-java-commons/2.0-BETA16/allure-java-commons-2.0-BETA16.jar:/home/renanzazula/.m2/repository/io/qameta/allure/allure2-model-api/1.0-BETA6/allure2-model-api-1.0-BETA6.jar:/home/renanzazula/.m2/repository/io/qameta/allure/allure2-model-pojo/1.0-BETA6/allure2-model-pojo-1.0-BETA6.jar:/home/renanzazula/.m2/repository/org/apache/tika/tika-core/1.14/tika-core-1.14.jar:/home/renanzazula/.m2/repository/io/qameta/allure/allure2-model-jackson/1.0-BETA6/allure2-model-jackson-1.0-BETA6.jar:/home/renanzazula/.m2/repository/com/fasterxml/jackson/module/jackson-module-jaxb-annotations/2.7.0/jackson-module-jaxb-annotations-2.7.0.jar:/home/renanzazula/.m2/repository/org/aspectj/aspectjrt/1.8.10/aspectjrt-1.8.10.jar:/home/renanzazula/.m2/repository/org/jooq/joor/0.9.6/joor-0.9.6.jar:"/>
    <property name="java.vm.vendor" value="Oracle Corporation"/>
    <property name="sun.arch.data.model" value="64"/>
    <property name="java.vendor.url" value="http://java.oracle.com/"/>
    <property name="user.timezone" value="Europe/Madrid"/>
    <property name="java.vm.specification.version" value="11"/>
    <property name="os.name" value="Linux"/>
    <property name="sun.java.launcher" value="SUN_STANDARD"/>
    <property name="user.country" value="US"/>
    <property name="sun.boot.library.path" value="/usr/lib/jvm/java-11-oracle/lib"/>
    <property name="sun.java.command" value="/home/renanzazula/Desktop/intelij-project-ecorp-seleniun-cucuber/target/surefire/surefirebooter14915391699478032704.jar /home/renanzazula/Desktop/intelij-project-ecorp-seleniun-cucuber/target/surefire 2020-02-24T18-24-05_609-jvmRun1 surefire4911179385005884164tmp surefire_08113976201470444332tmp"/>
    <property name="jdk.debug" value="release"/>
    <property name="surefire.test.class.path" value="/home/renanzazula/Desktop/intelij-project-ecorp-seleniun-cucuber/target/test-classes:/home/renanzazula/Desktop/intelij-project-ecorp-seleniun-cucuber/target/classes:/home/renanzazula/.m2/repository/org/seleniumhq/selenium/selenium-java/4.0.0-alpha-4/selenium-java-4.0.0-alpha-4.jar:/home/renanzazula/.m2/repository/org/seleniumhq/selenium/selenium-api/4.0.0-alpha-4/selenium-api-4.0.0-alpha-4.jar:/home/renanzazula/.m2/repository/org/seleniumhq/selenium/selenium-chrome-driver/4.0.0-alpha-4/selenium-chrome-driver-4.0.0-alpha-4.jar:/home/renanzazula/.m2/repository/com/google/auto/service/auto-service-annotations/1.0-rc6/auto-service-annotations-1.0-rc6.jar:/home/renanzazula/.m2/repository/com/google/auto/service/auto-service/1.0-rc6/auto-service-1.0-rc6.jar:/home/renanzazula/.m2/repository/com/google/auto/auto-common/0.10/auto-common-0.10.jar:/home/renanzazula/.m2/repository/com/google/guava/guava/28.2-jre/guava-28.2-jre.jar:/home/renanzazula/.m2/repository/com/google/guava/failureaccess/1.0.1/failureaccess-1.0.1.jar:/home/renanzazula/.m2/repository/com/google/guava/listenablefuture/9999.0-empty-to-avoid-conflict-with-guava/listenablefuture-9999.0-empty-to-avoid-conflict-with-guava.jar:/home/renanzazula/.m2/repository/com/google/code/findbugs/jsr305/3.0.2/jsr305-3.0.2.jar:/home/renanzazula/.m2/repository/org/checkerframework/checker-qual/2.10.0/checker-qual-2.10.0.jar:/home/renanzazula/.m2/repository/com/google/errorprone/error_prone_annotations/2.3.4/error_prone_annotations-2.3.4.jar:/home/renanzazula/.m2/repository/com/google/j2objc/j2objc-annotations/1.3/j2objc-annotations-1.3.jar:/home/renanzazula/.m2/repository/org/seleniumhq/selenium/selenium-chromium-driver/4.0.0-alpha-4/selenium-chromium-driver-4.0.0-alpha-4.jar:/home/renanzazula/.m2/repository/org/seleniumhq/selenium/selenium-devtools/4.0.0-alpha-4/selenium-devtools-4.0.0-alpha-4.jar:/home/renanzazula/.m2/repository/org/seleniumhq/selenium/selenium-http/4.0.0-alpha-4/selenium-http-4.0.0-alpha-4.jar:/home/renanzazula/.m2/repository/org/seleniumhq/selenium/selenium-json/4.0.0-alpha-4/selenium-json-4.0.0-alpha-4.jar:/home/renanzazula/.m2/repository/org/seleniumhq/selenium/selenium-edge-driver/4.0.0-alpha-4/selenium-edge-driver-4.0.0-alpha-4.jar:/home/renanzazula/.m2/repository/org/seleniumhq/selenium/selenium-edgehtml-driver/4.0.0-alpha-4/selenium-edgehtml-driver-4.0.0-alpha-4.jar:/home/renanzazula/.m2/repository/org/seleniumhq/selenium/selenium-firefox-driver/4.0.0-alpha-4/selenium-firefox-driver-4.0.0-alpha-4.jar:/home/renanzazula/.m2/repository/org/seleniumhq/selenium/selenium-firefox-xpi-driver/4.0.0-alpha-4/selenium-firefox-xpi-driver-4.0.0-alpha-4.jar:/home/renanzazula/.m2/repository/org/seleniumhq/selenium/selenium-ie-driver/4.0.0-alpha-4/selenium-ie-driver-4.0.0-alpha-4.jar:/home/renanzazula/.m2/repository/org/seleniumhq/selenium/selenium-opera-driver/4.0.0-alpha-4/selenium-opera-driver-4.0.0-alpha-4.jar:/home/renanzazula/.m2/repository/org/seleniumhq/selenium/selenium-remote-driver/4.0.0-alpha-4/selenium-remote-driver-4.0.0-alpha-4.jar:/home/renanzazula/.m2/repository/com/squareup/okhttp3/okhttp/4.3.0/okhttp-4.3.0.jar:/home/renanzazula/.m2/repository/com/squareup/okio/okio/2.4.1/okio-2.4.1.jar:/home/renanzazula/.m2/repository/org/jetbrains/kotlin/kotlin-stdlib-common/1.3.50/kotlin-stdlib-common-1.3.50.jar:/home/renanzazula/.m2/repository/org/jetbrains/kotlin/kotlin-stdlib/1.3.61/kotlin-stdlib-1.3.61.jar:/home/renanzazula/.m2/repository/org/jetbrains/annotations/13.0/annotations-13.0.jar:/home/renanzazula/.m2/repository/com/typesafe/netty/netty-reactive-streams/2.0.4/netty-reactive-streams-2.0.4.jar:/home/renanzazula/.m2/repository/io/netty/netty-handler/4.1.43.Final/netty-handler-4.1.43.Final.jar:/home/renanzazula/.m2/repository/io/netty/netty-common/4.1.43.Final/netty-common-4.1.43.Final.jar:/home/renanzazula/.m2/repository/io/netty/netty-buffer/4.1.43.Final/netty-buffer-4.1.43.Final.jar:/home/renanzazula/.m2/repository/io/netty/netty-transport/4.1.43.Final/netty-transport-4.1.43.Final.jar:/home/renanzazula/.m2/repository/io/netty/netty-codec/4.1.43.Final/netty-codec-4.1.43.Final.jar:/home/renanzazula/.m2/repository/org/reactivestreams/reactive-streams/1.0.3/reactive-streams-1.0.3.jar:/home/renanzazula/.m2/repository/io/opentracing/opentracing-api/0.33.0/opentracing-api-0.33.0.jar:/home/renanzazula/.m2/repository/net/bytebuddy/byte-buddy/1.10.6/byte-buddy-1.10.6.jar:/home/renanzazula/.m2/repository/org/apache/commons/commons-exec/1.3/commons-exec-1.3.jar:/home/renanzazula/.m2/repository/org/asynchttpclient/async-http-client/2.10.4/async-http-client-2.10.4.jar:/home/renanzazula/.m2/repository/org/asynchttpclient/async-http-client-netty-utils/2.10.4/async-http-client-netty-utils-2.10.4.jar:/home/renanzazula/.m2/repository/io/netty/netty-codec-http/4.1.42.Final/netty-codec-http-4.1.42.Final.jar:/home/renanzazula/.m2/repository/io/netty/netty-codec-socks/4.1.42.Final/netty-codec-socks-4.1.42.Final.jar:/home/renanzazula/.m2/repository/io/netty/netty-handler-proxy/4.1.42.Final/netty-handler-proxy-4.1.42.Final.jar:/home/renanzazula/.m2/repository/io/netty/netty-transport-native-epoll/4.1.42.Final/netty-transport-native-epoll-4.1.42.Final-linux-x86_64.jar:/home/renanzazula/.m2/repository/io/netty/netty-transport-native-unix-common/4.1.42.Final/netty-transport-native-unix-common-4.1.42.Final.jar:/home/renanzazula/.m2/repository/io/netty/netty-transport-native-kqueue/4.1.42.Final/netty-transport-native-kqueue-4.1.42.Final-osx-x86_64.jar:/home/renanzazula/.m2/repository/io/netty/netty-resolver-dns/4.1.42.Final/netty-resolver-dns-4.1.42.Final.jar:/home/renanzazula/.m2/repository/io/netty/netty-resolver/4.1.42.Final/netty-resolver-4.1.42.Final.jar:/home/renanzazula/.m2/repository/io/netty/netty-codec-dns/4.1.42.Final/netty-codec-dns-4.1.42.Final.jar:/home/renanzazula/.m2/repository/com/sun/activation/javax.activation/1.2.0/javax.activation-1.2.0.jar:/home/renanzazula/.m2/repository/org/seleniumhq/selenium/selenium-safari-driver/4.0.0-alpha-4/selenium-safari-driver-4.0.0-alpha-4.jar:/home/renanzazula/.m2/repository/org/seleniumhq/selenium/selenium-support/4.0.0-alpha-4/selenium-support-4.0.0-alpha-4.jar:/home/renanzazula/.m2/repository/junit/junit/4.12/junit-4.12.jar:/home/renanzazula/.m2/repository/org/hamcrest/hamcrest-core/1.3/hamcrest-core-1.3.jar:/home/renanzazula/.m2/repository/io/cucumber/cucumber-junit/4.0.0/cucumber-junit-4.0.0.jar:/home/renanzazula/.m2/repository/io/cucumber/cucumber-core/4.0.0/cucumber-core-4.0.0.jar:/home/renanzazula/.m2/repository/io/cucumber/gherkin/5.1.0/gherkin-5.1.0.jar:/home/renanzazula/.m2/repository/io/cucumber/tag-expressions/1.1.1/tag-expressions-1.1.1.jar:/home/renanzazula/.m2/repository/io/cucumber/cucumber-expressions/6.1.0/cucumber-expressions-6.1.0.jar:/home/renanzazula/.m2/repository/io/cucumber/datatable/1.1.3/datatable-1.1.3.jar:/home/renanzazula/.m2/repository/io/cucumber/datatable-dependencies/1.1.3/datatable-dependencies-1.1.3.jar:/home/renanzazula/.m2/repository/io/cucumber/cucumber-java/4.0.0/cucumber-java-4.0.0.jar:/home/renanzazula/.m2/repository/io/cucumber/cucumber-jvm-deps/1.0.6/cucumber-jvm-deps-1.0.6.jar:/home/renanzazula/.m2/repository/io/cucumber/cucumber-picocontainer/4.0.0/cucumber-picocontainer-4.0.0.jar:/home/renanzazula/.m2/repository/org/picocontainer/picocontainer/2.15/picocontainer-2.15.jar:/home/renanzazula/.m2/repository/io/cucumber/cucumber-testng/4.0.0/cucumber-testng-4.0.0.jar:/home/renanzazula/.m2/repository/io/cucumber/cucumber-gherkin/5.1.3/cucumber-gherkin-5.1.3.jar:/home/renanzazula/.m2/repository/io/cucumber/cucumber-plugin/5.1.3/cucumber-plugin-5.1.3.jar:/home/renanzazula/.m2/repository/org/apiguardian/apiguardian-api/1.1.0/apiguardian-api-1.1.0.jar:/home/renanzazula/.m2/repository/io/cucumber/cucumber-html/0.2.7/cucumber-html-0.2.7.jar:/home/renanzazula/.m2/repository/com/aventstack/extentreports-cucumber4-adapter/1.0.1/extentreports-cucumber4-adapter-1.0.1.jar:/home/renanzazula/.m2/repository/com/aventstack/extentreports/4.0.0/extentreports-4.0.0.jar:/home/renanzazula/.m2/repository/org/mongodb/bson/3.3.0/bson-3.3.0.jar:/home/renanzazula/.m2/repository/org/apache/httpcomponents/httpclient/4.5.2/httpclient-4.5.2.jar:/home/renanzazula/.m2/repository/org/apache/httpcomponents/httpcore/4.4.4/httpcore-4.4.4.jar:/home/renanzazula/.m2/repository/commons-logging/commons-logging/1.2/commons-logging-1.2.jar:/home/renanzazula/.m2/repository/commons-codec/commons-codec/1.9/commons-codec-1.9.jar:/home/renanzazula/.m2/repository/org/apache/httpcomponents/httpmime/4.5.2/httpmime-4.5.2.jar:/home/renanzazula/.m2/repository/com/google/code/gson/gson/2.8.5/gson-2.8.5.jar:/home/renanzazula/.m2/repository/org/mongodb/mongodb-driver/3.3.0/mongodb-driver-3.3.0.jar:/home/renanzazula/.m2/repository/org/mongodb/mongodb-driver-core/3.3.0/mongodb-driver-core-3.3.0.jar:/home/renanzazula/.m2/repository/org/freemarker/freemarker/2.3.26-incubating/freemarker-2.3.26-incubating.jar:/home/renanzazula/.m2/repository/net/masterthought/cucumber-reporting/3.6.0/cucumber-reporting-3.6.0.jar:/home/renanzazula/.m2/repository/org/apache/logging/log4j/log4j-api/2.6/log4j-api-2.6.jar:/home/renanzazula/.m2/repository/com/fasterxml/jackson/core/jackson-databind/2.8.5/jackson-databind-2.8.5.jar:/home/renanzazula/.m2/repository/com/fasterxml/jackson/core/jackson-annotations/2.8.0/jackson-annotations-2.8.0.jar:/home/renanzazula/.m2/repository/com/fasterxml/jackson/core/jackson-core/2.8.5/jackson-core-2.8.5.jar:/home/renanzazula/.m2/repository/org/apache/velocity/velocity/1.7/velocity-1.7.jar:/home/renanzazula/.m2/repository/commons-collections/commons-collections/3.2.1/commons-collections-3.2.1.jar:/home/renanzazula/.m2/repository/commons-lang/commons-lang/2.4/commons-lang-2.4.jar:/home/renanzazula/.m2/repository/velocity-tools/velocity-tools/1.4/velocity-tools-1.4.jar:/home/renanzazula/.m2/repository/joda-time/joda-time/2.9.6/joda-time-2.9.6.jar:/home/renanzazula/.m2/repository/org/apache/commons/commons-lang3/3.5/commons-lang3-3.5.jar:/home/renanzazula/.m2/repository/commons-io/commons-io/2.5/commons-io-2.5.jar:/home/renanzazula/.m2/repository/net/lingala/zip4j/zip4j/1.3.2/zip4j-1.3.2.jar:/home/renanzazula/.m2/repository/org/codehaus/plexus/plexus-utils/3.0.24/plexus-utils-3.0.24.jar:/home/renanzazula/.m2/repository/org/jsoup/jsoup/1.10.1/jsoup-1.10.1.jar:/home/renanzazula/.m2/repository/org/hamcrest/hamcrest-all/1.3/hamcrest-all-1.3.jar:/home/renanzazula/.m2/repository/org/apache/logging/log4j/log4j-core/2.13.0/log4j-core-2.13.0.jar:/home/renanzazula/.m2/repository/org/slf4j/slf4j-api/2.0.0-alpha1/slf4j-api-2.0.0-alpha1.jar:/home/renanzazula/.m2/repository/org/slf4j/slf4j-log4j12/2.0.0-alpha1/slf4j-log4j12-2.0.0-alpha1.jar:/home/renanzazula/.m2/repository/log4j/log4j/1.2.17/log4j-1.2.17.jar:/home/renanzazula/.m2/repository/org/testng/testng/6.8/testng-6.8.jar:/home/renanzazula/.m2/repository/org/beanshell/bsh/2.0b4/bsh-2.0b4.jar:/home/renanzazula/.m2/repository/com/beust/jcommander/1.27/jcommander-1.27.jar:/home/renanzazula/.m2/repository/org/yaml/snakeyaml/1.6/snakeyaml-1.6.jar:/home/renanzazula/.m2/repository/io/netty/netty-all/4.1.12.Final/netty-all-4.1.12.Final.jar:/home/renanzazula/.m2/repository/io/qameta/allure/allure-cucumber-jvm/2.0-BETA16/allure-cucumber-jvm-2.0-BETA16.jar:/home/renanzazula/.m2/repository/info/cukes/cucumber-core/1.2.5/cucumber-core-1.2.5.jar:/home/renanzazula/.m2/repository/info/cukes/cucumber-html/0.2.3/cucumber-html-0.2.3.jar:/home/renanzazula/.m2/repository/info/cukes/cucumber-jvm-deps/1.0.5/cucumber-jvm-deps-1.0.5.jar:/home/renanzazula/.m2/repository/info/cukes/cucumber-java/1.2.5/cucumber-java-1.2.5.jar:/home/renanzazula/.m2/repository/info/cukes/cucumber-junit/1.2.5/cucumber-junit-1.2.5.jar:/home/renanzazula/.m2/repository/info/cukes/gherkin/2.12.2/gherkin-2.12.2.jar:/home/renanzazula/.m2/repository/io/qameta/allure/allure-java-commons/2.0-BETA16/allure-java-commons-2.0-BETA16.jar:/home/renanzazula/.m2/repository/io/qameta/allure/allure2-model-api/1.0-BETA6/allure2-model-api-1.0-BETA6.jar:/home/renanzazula/.m2/repository/io/qameta/allure/allure2-model-pojo/1.0-BETA6/allure2-model-pojo-1.0-BETA6.jar:/home/renanzazula/.m2/repository/org/apache/tika/tika-core/1.14/tika-core-1.14.jar:/home/renanzazula/.m2/repository/io/qameta/allure/allure2-model-jackson/1.0-BETA6/allure2-model-jackson-1.0-BETA6.jar:/home/renanzazula/.m2/repository/com/fasterxml/jackson/module/jackson-module-jaxb-annotations/2.7.0/jackson-module-jaxb-annotations-2.7.0.jar:/home/renanzazula/.m2/repository/org/aspectj/aspectjrt/1.8.10/aspectjrt-1.8.10.jar:/home/renanzazula/.m2/repository/org/jooq/joor/0.9.6/joor-0.9.6.jar:"/>
    <property name="sun.cpu.endian" value="little"/>
    <property name="user.home" value="/home/renanzazula"/>
    <property name="user.language" value="en"/>
    <property name="java.specification.vendor" value="Oracle Corporation"/>
    <property name="java.version.date" value="2018-10-16"/>
    <property name="java.home" value="/usr/lib/jvm/java-11-oracle"/>
    <property name="file.separator" value="/"/>
    <property name="basedir" value="/home/renanzazula/Desktop/intelij-project-ecorp-seleniun-cucuber"/>
    <property name="java.vm.compressedOopsMode" value="Zero based"/>
    <property name="line.separator" value="&#10;"/>
    <property name="java.specification.name" value="Java Platform API Specification"/>
    <property name="java.vm.specification.vendor" value="Oracle Corporation"/>
    <property name="java.awt.graphicsenv" value="sun.awt.X11GraphicsEnvironment"/>
    <property name="surefire.real.class.path" value="/home/renanzazula/Desktop/intelij-project-ecorp-seleniun-cucuber/target/surefire/surefirebooter14915391699478032704.jar"/>
    <property name="sun.management.compiler" value="HotSpot 64-Bit Tiered Compilers"/>
    <property name="java.runtime.version" value="11.0.2+7-LTS"/>
    <property name="user.name" value="renanzazula"/>
    <property name="path.separator" value=":"/>
    <property name="os.version" value="4.4.0-31-generic"/>
    <property name="java.runtime.name" value="Java(TM) SE Runtime Environment"/>
    <property name="file.encoding" value="UTF-8"/>
    <property name="java.vm.name" value="Java HotSpot(TM) 64-Bit Server VM"/>
    <property name="java.vendor.version" value="18.9"/>
    <property name="localRepository" value="/home/renanzazula/.m2/repository"/>
    <property name="java.vendor.url.bug" value="http://bugreport.java.com/bugreport/"/>
    <property name="java.io.tmpdir" value="/tmp"/>
    <property name="java.version" value="11.0.2"/>
    <property name="user.dir" value="/home/renanzazula/Desktop/intelij-project-ecorp-seleniun-cucuber"/>
    <property name="os.arch" value="amd64"/>
    <property name="java.vm.specification.name" value="Java Virtual Machine Specification"/>
    <property name="java.awt.printerjob" value="sun.print.PSPrinterJob"/>
    <property name="sun.os.patch.level" value="unknown"/>
    <property name="idea.version2019.3.3" value="true"/>
    <property name="java.library.path" value="/usr/java/packages/lib:/usr/lib64:/lib64:/lib:/usr/lib"/>
    <property name="java.vendor" value="Oracle Corporation"/>
    <property name="java.vm.info" value="mixed mode"/>
    <property name="java.vm.version" value="11.0.2+7-LTS"/>
    <property name="sun.io.unicode.encoding" value="UnicodeLittle"/>
    <property name="java.class.version" value="55.0"/>
  </properties>
</testsuite>